platforms/android/app/build/outputs/logs/manifest-merger-F0-F1-F2-F3-F4-debug-report.txt
-- Merging decision tree log ---
manifest
ADDED from src/main/AndroidManifest.xml:2:1-43:12
	package
		ADDED from src/main/AndroidManifest.xml:3:2-38
		INJECTED from src/main/AndroidManifest.xml
		INJECTED from src/main/AndroidManifest.xml
	android:versionName
		ADDED from src/main/AndroidManifest.xml:5:2-27
		INJECTED from src/main/AndroidManifest.xml
		INJECTED from src/main/AndroidManifest.xml
	android:versionCode
		ADDED from src/main/AndroidManifest.xml:4:2-25
		INJECTED from src/main/AndroidManifest.xml
		INJECTED from src/main/AndroidManifest.xml
	xmlns:android
		ADDED from src/main/AndroidManifest.xml:2:11-69
supports-screens
ADDED from src/main/AndroidManifest.xml:7:2-11:33
	android:largeScreens
		ADDED from src/main/AndroidManifest.xml:10:3-30
	android:smallScreens
		ADDED from src/main/AndroidManifest.xml:8:3-30
	android:normalScreens
		ADDED from src/main/AndroidManifest.xml:9:3-31
	android:xlargeScreens
		ADDED from src/main/AndroidManifest.xml:11:3-31
uses-sdk
ADDED from src/main/AndroidManifest.xml:13:2-15:34
MERGED from [com.android.support:multidex:1.0.1] AndroidManifest.xml:18:5-42
MERGED from [com.android.support:design:26.0.0-alpha1] AndroidManifest.xml:21:5-23:62
MERGED from [com.android.support:transition:26.0.0-alpha1] AndroidManifest.xml:20:5-44
MERGED from [com.google.android.gms:play-services-location:12.0.1] AndroidManifest.xml:5:5-44
MERGED from [com.google.android.gms:play-services-location-license:12.0.1] AndroidManifest.xml:20:5-44
MERGED from [com.google.firebase:firebase-core:12.0.1] AndroidManifest.xml:4:5-43
MERGED from [com.google.firebase:firebase-analytics:12.0.1] AndroidManifest.xml:20:5-44
MERGED from [com.google.firebase:firebase-analytics-impl:12.0.1] AndroidManifest.xml:20:5-44
MERGED from [com.google.firebase:firebase-analytics-impl-license:12.0.1] AndroidManifest.xml:20:5-44
MERGED from [com.google.firebase:firebase-analytics-license:12.0.1] AndroidManifest.xml:20:5-44
MERGED from [com.android.support:appcompat-v7:26.0.0-alpha1] AndroidManifest.xml:21:5-23:78
MERGED from [com.android.support:animated-vector-drawable:26.0.0-alpha1] AndroidManifest.xml:20:5-44
MERGED from [com.android.support:support-vector-drawable:26.0.0-alpha1] AndroidManifest.xml:20:5-44
MERGED from [com.android.support:cardview-v7:26.0.0-alpha1] AndroidManifest.xml:20:5-44
MERGED from [com.android.support:customtabs:26.0.0-alpha1] AndroidManifest.xml:20:5-44
MERGED from [com.google.firebase:firebase-auth:12.0.1] AndroidManifest.xml:20:5-44
MERGED from [com.google.firebase:firebase-auth-license:12.0.1] AndroidManifest.xml:20:5-44
MERGED from [com.google.android.gms:play-services-base:12.0.1] AndroidManifest.xml:20:5-44
MERGED from [com.google.android.gms:play-services-base-license:12.0.1] AndroidManifest.xml:20:5-44
MERGED from [com.google.firebase:firebase-database:12.0.1] AndroidManifest.xml:6:5-44
MERGED from [com.google.firebase:firebase-database-connection:12.0.1] AndroidManifest.xml:6:5-44
MERGED from [com.google.firebase:firebase-database-connection-license:12.0.1] AndroidManifest.xml:20:5-44
MERGED from [com.google.firebase:firebase-database-license:12.0.1] AndroidManifest.xml:20:5-44
MERGED from [com.google.firebase:firebase-firestore:12.0.1] AndroidManifest.xml:6:5-44
MERGED from [com.google.firebase:firebase-messaging:12.0.1] AndroidManifest.xml:20:5-44
MERGED from [com.google.firebase:firebase-iid:12.0.1] AndroidManifest.xml:20:5-44
MERGED from [com.google.firebase:firebase-iid-license:12.0.1] AndroidManifest.xml:20:5-44
MERGED from [com.google.firebase:firebase-messaging-license:12.0.1] AndroidManifest.xml:20:5-44
MERGED from [com.google.firebase:firebase-storage:12.0.1] AndroidManifest.xml:6:5-44
MERGED from [com.google.firebase:firebase-storage-common:12.0.1] AndroidManifest.xml:6:5-44
MERGED from [com.google.firebase:firebase-storage-common-license:12.0.1] AndroidManifest.xml:20:5-44
MERGED from [com.google.firebase:firebase-common:12.0.1] AndroidManifest.xml:5:5-44
MERGED from [com.google.firebase:firebase-common-license:12.0.1] AndroidManifest.xml:20:5-44
MERGED from [com.google.android.gms:play-services-tasks:12.0.1] AndroidManifest.xml:5:5-44
MERGED from [com.google.android.gms:play-services-basement:12.0.1] AndroidManifest.xml:20:5-44
MERGED from [com.google.android.gms:play-services-basement-license:12.0.1] AndroidManifest.xml:20:5-44
MERGED from [com.google.android.gms:play-services-tasks-license:12.0.1] AndroidManifest.xml:20:5-44
MERGED from [com.google.firebase:firebase-storage-license:12.0.1] AndroidManifest.xml:20:5-44
MERGED from [com.android.support:recyclerview-v7:26.0.0-alpha1] AndroidManifest.xml:20:5-44
MERGED from [com.android.support:support-v4:26.1.0] AndroidManifest.xml:21:5-23:54
MERGED from [com.android.support:support-media-compat:26.1.0] AndroidManifest.xml:21:5-23:63
MERGED from [com.android.support:support-fragment:26.1.0] AndroidManifest.xml:21:5-23:60
MERGED from [com.android.support:support-core-ui:26.1.0] AndroidManifest.xml:21:5-23:58
MERGED from [com.android.support:support-core-utils:26.1.0] AndroidManifest.xml:21:5-23:61
MERGED from [com.android.support:support-compat:26.1.0] AndroidManifest.xml:21:5-23:58
MERGED from [android.arch.lifecycle:runtime:1.0.0] AndroidManifest.xml:20:5-22:41
MERGED from [:nativescript-optimized:] AndroidManifest.xml:7:5-9:41
MERGED from [:nativescript_geolocation:] AndroidManifest.xml:7:5-47
MERGED from [:firebase-release:] AndroidManifest.xml:7:5-9:41
MERGED from [:pushplugin:] AndroidManifest.xml:7:5-9:41
MERGED from [:TNSListView-release:] AndroidManifest.xml:7:5-9:41
MERGED from [:TNSSideDrawer-release:] AndroidManifest.xml:7:5-9:41
MERGED from [:TNSCore-release:] AndroidManifest.xml:7:5-9:41
MERGED from [:widgets-release:] AndroidManifest.xml:7:5-9:41
	tools:overrideLibrary
		ADDED from [com.android.support:design:26.0.0-alpha1] AndroidManifest.xml:23:9-59
	android:targetSdkVersion
		ADDED from src/main/AndroidManifest.xml:15:3-32
		INJECTED from src/main/AndroidManifest.xml
		INJECTED from src/main/AndroidManifest.xml
	android:minSdkVersion
		ADDED from src/main/AndroidManifest.xml:14:3-29
		INJECTED from src/main/AndroidManifest.xml
		MERGED from src/main/AndroidManifest.xml:14:3-29
		INJECTED from src/main/AndroidManifest.xml
uses-permission#android.permission.READ_EXTERNAL_STORAGE
ADDED from src/main/AndroidManifest.xml:17:2-76
	android:name
		ADDED from src/main/AndroidManifest.xml:17:19-74
uses-permission#android.permission.WRITE_EXTERNAL_STORAGE
ADDED from src/main/AndroidManifest.xml:18:2-77
	android:name
		ADDED from src/main/AndroidManifest.xml:18:19-75
uses-permission#android.permission.INTERNET
ADDED from src/main/AndroidManifest.xml:19:2-63
MERGED from [com.google.firebase:firebase-analytics:12.0.1] AndroidManifest.xml:23:5-67
MERGED from [com.google.firebase:firebase-analytics-impl:12.0.1] AndroidManifest.xml:23:5-67
MERGED from [com.google.firebase:firebase-iid:12.0.1] AndroidManifest.xml:23:5-67
	android:name
		ADDED from src/main/AndroidManifest.xml:19:19-61
uses-permission#android.permission.READ_CONTACTS
ADDED from src/main/AndroidManifest.xml:21:2-68
	android:name
		ADDED from src/main/AndroidManifest.xml:21:19-66
uses-permission#android.permission.WRITE_CONTACTS
ADDED from src/main/AndroidManifest.xml:22:2-69
	android:name
		ADDED from src/main/AndroidManifest.xml:22:19-67
application
ADDED from src/main/AndroidManifest.xml:24:2-42:16
MERGED from [com.android.support:design:26.0.0-alpha1] AndroidManifest.xml:29:5-20
MERGED from [com.android.support:transition:26.0.0-alpha1] AndroidManifest.xml:26:5-20
MERGED from [com.google.android.gms:play-services-location:12.0.1] AndroidManifest.xml:7:5-20
MERGED from [com.google.android.gms:play-services-location-license:12.0.1] AndroidManifest.xml:22:5-20
MERGED from [com.google.firebase:firebase-core:12.0.1] AndroidManifest.xml:5:5-20
MERGED from [com.google.firebase:firebase-analytics:12.0.1] AndroidManifest.xml:27:5-52:19
MERGED from [com.google.firebase:firebase-analytics-impl:12.0.1] AndroidManifest.xml:27:5-38:19
MERGED from [com.google.firebase:firebase-analytics-impl-license:12.0.1] AndroidManifest.xml:22:5-20
MERGED from [com.google.firebase:firebase-analytics-license:12.0.1] AndroidManifest.xml:22:5-20
MERGED from [com.android.support:appcompat-v7:26.0.0-alpha1] AndroidManifest.xml:29:5-20
MERGED from [com.android.support:animated-vector-drawable:26.0.0-alpha1] AndroidManifest.xml:26:5-20
MERGED from [com.android.support:support-vector-drawable:26.0.0-alpha1] AndroidManifest.xml:26:5-20
MERGED from [com.android.support:cardview-v7:26.0.0-alpha1] AndroidManifest.xml:26:5-20
MERGED from [com.android.support:customtabs:26.0.0-alpha1] AndroidManifest.xml:26:5-20
MERGED from [com.google.firebase:firebase-auth:12.0.1] AndroidManifest.xml:22:5-30:19
MERGED from [com.google.firebase:firebase-auth-license:12.0.1] AndroidManifest.xml:22:5-20
MERGED from [com.google.android.gms:play-services-base:12.0.1] AndroidManifest.xml:22:5-27:19
MERGED from [com.google.android.gms:play-services-base-license:12.0.1] AndroidManifest.xml:22:5-20
MERGED from [com.google.firebase:firebase-database-connection-license:12.0.1] AndroidManifest.xml:22:5-20
MERGED from [com.google.firebase:firebase-database-license:12.0.1] AndroidManifest.xml:22:5-20
MERGED from [com.google.firebase:firebase-messaging:12.0.1] AndroidManifest.xml:22:5-35:19
MERGED from [com.google.firebase:firebase-iid:12.0.1] AndroidManifest.xml:34:5-57:19
MERGED from [com.google.firebase:firebase-iid-license:12.0.1] AndroidManifest.xml:22:5-20
MERGED from [com.google.firebase:firebase-messaging-license:12.0.1] AndroidManifest.xml:22:5-20
MERGED from [com.google.firebase:firebase-storage-common-license:12.0.1] AndroidManifest.xml:22:5-20
MERGED from [com.google.firebase:firebase-common:12.0.1] AndroidManifest.xml:7:5-13:19
MERGED from [com.google.firebase:firebase-common-license:12.0.1] AndroidManifest.xml:22:5-20
MERGED from [com.google.android.gms:play-services-tasks:12.0.1] AndroidManifest.xml:7:5-20
MERGED from [com.google.android.gms:play-services-basement:12.0.1] AndroidManifest.xml:22:5-26:19
MERGED from [com.google.android.gms:play-services-basement-license:12.0.1] AndroidManifest.xml:22:5-20
MERGED from [com.google.android.gms:play-services-tasks-license:12.0.1] AndroidManifest.xml:22:5-20
MERGED from [com.google.firebase:firebase-storage-license:12.0.1] AndroidManifest.xml:22:5-20
MERGED from [com.android.support:support-v4:26.1.0] AndroidManifest.xml:25:5-29:19
MERGED from [com.android.support:support-media-compat:26.1.0] AndroidManifest.xml:25:5-29:19
MERGED from [com.android.support:support-fragment:26.1.0] AndroidManifest.xml:25:5-29:19
MERGED from [com.android.support:support-core-ui:26.1.0] AndroidManifest.xml:25:5-29:19
MERGED from [com.android.support:support-core-utils:26.1.0] AndroidManifest.xml:25:5-29:19
MERGED from [com.android.support:support-compat:26.1.0] AndroidManifest.xml:25:5-29:19
MERGED from [android.arch.lifecycle:runtime:1.0.0] AndroidManifest.xml:24:5-28:19
MERGED from [:firebase-release:] AndroidManifest.xml:11:5-22:19
MERGED from [:pushplugin:] AndroidManifest.xml:11:5-22:19
MERGED from [:widgets-release:] AndroidManifest.xml:11:5-12:19
	android:label
		ADDED from src/main/AndroidManifest.xml:28:3-35
	android:allowBackup
		ADDED from src/main/AndroidManifest.xml:26:3-29
	android:icon
		ADDED from src/main/AndroidManifest.xml:27:3-32
	android:theme
		ADDED from src/main/AndroidManifest.xml:29:3-34
	android:name
		ADDED from src/main/AndroidManifest.xml:25:3-49
activity#com.tns.NativeScriptActivity
ADDED from src/main/AndroidManifest.xml:30:3-40:14
	android:label
		ADDED from src/main/AndroidManifest.xml:32:4-49
	android:configChanges
		ADDED from src/main/AndroidManifest.xml:33:4-65
	android:name
		ADDED from src/main/AndroidManifest.xml:31:4-47
intent-filter#android.intent.action.MAIN+android.intent.category.LAUNCHER
ADDED from src/main/AndroidManifest.xml:35:5-39:20
action#android.intent.action.MAIN
ADDED from src/main/AndroidManifest.xml:36:5-57
	android:name
		ADDED from src/main/AndroidManifest.xml:36:13-54
category#android.intent.category.LAUNCHER
ADDED from src/main/AndroidManifest.xml:38:5-65
	android:name
		ADDED from src/main/AndroidManifest.xml:38:15-62
activity#com.tns.ErrorReportActivity
ADDED from src/main/AndroidManifest.xml:41:3-57
	android:name
		ADDED from src/main/AndroidManifest.xml:41:13-55
meta-data#android.support.VERSION
ADDED from [com.android.support:design:26.0.0-alpha1] AndroidManifest.xml:25:5-27:41
MERGED from [com.android.support:transition:26.0.0-alpha1] AndroidManifest.xml:22:5-24:41
MERGED from [com.android.support:appcompat-v7:26.0.0-alpha1] AndroidManifest.xml:25:5-27:41
MERGED from [com.android.support:animated-vector-drawable:26.0.0-alpha1] AndroidManifest.xml:22:5-24:41
MERGED from [com.android.support:support-vector-drawable:26.0.0-alpha1] AndroidManifest.xml:22:5-24:41
MERGED from [com.android.support:cardview-v7:26.0.0-alpha1] AndroidManifest.xml:22:5-24:41
MERGED from [com.android.support:customtabs:26.0.0-alpha1] AndroidManifest.xml:22:5-24:41
MERGED from [com.android.support:recyclerview-v7:26.0.0-alpha1] AndroidManifest.xml:22:5-24:41
MERGED from [com.android.support:support-media-compat:26.1.0] AndroidManifest.xml:26:9-28:38
MERGED from [com.android.support:support-fragment:26.1.0] AndroidManifest.xml:26:9-28:38
MERGED from [com.android.support:support-core-ui:26.1.0] AndroidManifest.xml:26:9-28:38
MERGED from [com.android.support:support-core-utils:26.1.0] AndroidManifest.xml:26:9-28:38
MERGED from [com.android.support:support-compat:26.1.0] AndroidManifest.xml:26:9-28:38
	android:value
		ADDED from [com.android.support:design:26.0.0-alpha1] AndroidManifest.xml:27:9-38
	android:name
		ADDED from [com.android.support:design:26.0.0-alpha1] AndroidManifest.xml:26:9-47
uses-permission#android.permission.ACCESS_NETWORK_STATE
ADDED from [com.google.firebase:firebase-analytics:12.0.1] AndroidManifest.xml:24:5-79
MERGED from [com.google.firebase:firebase-analytics-impl:12.0.1] AndroidManifest.xml:24:5-79
MERGED from [com.google.firebase:firebase-iid:12.0.1] AndroidManifest.xml:22:5-79
	android:name
		ADDED from [com.google.firebase:firebase-analytics:12.0.1] AndroidManifest.xml:24:22-76
uses-permission#android.permission.WAKE_LOCK
ADDED from [com.google.firebase:firebase-analytics:12.0.1] AndroidManifest.xml:25:5-68
MERGED from [com.google.firebase:firebase-analytics-impl:12.0.1] AndroidManifest.xml:25:5-68
MERGED from [com.google.firebase:firebase-iid:12.0.1] AndroidManifest.xml:24:5-68
	android:name
		ADDED from [com.google.firebase:firebase-analytics:12.0.1] AndroidManifest.xml:25:22-65
receiver#com.google.android.gms.measurement.AppMeasurementReceiver
ADDED from [com.google.firebase:firebase-analytics:12.0.1] AndroidManifest.xml:28:9-32:20
MERGED from [com.google.firebase:firebase-analytics-impl:12.0.1] AndroidManifest.xml:28:9-32:20
	android:enabled
		ADDED from [com.google.firebase:firebase-analytics:12.0.1] AndroidManifest.xml:30:13-35
	android:exported
		ADDED from [com.google.firebase:firebase-analytics:12.0.1] AndroidManifest.xml:31:13-37
	android:name
		ADDED from [com.google.firebase:firebase-analytics:12.0.1] AndroidManifest.xml:29:13-85
receiver#com.google.android.gms.measurement.AppMeasurementInstallReferrerReceiver
ADDED from [com.google.firebase:firebase-analytics:12.0.1] AndroidManifest.xml:33:9-41:20
	android:enabled
		ADDED from [com.google.firebase:firebase-analytics:12.0.1] AndroidManifest.xml:35:13-35
	android:exported
		ADDED from [com.google.firebase:firebase-analytics:12.0.1] AndroidManifest.xml:36:13-36
	android:permission
		ADDED from [com.google.firebase:firebase-analytics:12.0.1] AndroidManifest.xml:37:13-69
	android:name
		ADDED from [com.google.firebase:firebase-analytics:12.0.1] AndroidManifest.xml:34:13-100
intent-filter#com.android.vending.INSTALL_REFERRER
ADDED from [com.google.firebase:firebase-analytics:12.0.1] AndroidManifest.xml:38:13-40:29
action#com.android.vending.INSTALL_REFERRER
ADDED from [com.google.firebase:firebase-analytics:12.0.1] AndroidManifest.xml:39:17-79
	android:name
		ADDED from [com.google.firebase:firebase-analytics:12.0.1] AndroidManifest.xml:39:25-76
service#com.google.android.gms.measurement.AppMeasurementService
ADDED from [com.google.firebase:firebase-analytics:12.0.1] AndroidManifest.xml:43:9-46:40
MERGED from [com.google.firebase:firebase-analytics-impl:12.0.1] AndroidManifest.xml:34:9-37:40
	android:enabled
		ADDED from [com.google.firebase:firebase-analytics:12.0.1] AndroidManifest.xml:45:13-35
	android:exported
		ADDED from [com.google.firebase:firebase-analytics:12.0.1] AndroidManifest.xml:46:13-37
	android:name
		ADDED from [com.google.firebase:firebase-analytics:12.0.1] AndroidManifest.xml:44:13-84
service#com.google.android.gms.measurement.AppMeasurementJobService
ADDED from [com.google.firebase:firebase-analytics:12.0.1] AndroidManifest.xml:47:9-51:72
	android:enabled
		ADDED from [com.google.firebase:firebase-analytics:12.0.1] AndroidManifest.xml:49:13-35
	android:exported
		ADDED from [com.google.firebase:firebase-analytics:12.0.1] AndroidManifest.xml:50:13-37
	android:permission
		ADDED from [com.google.firebase:firebase-analytics:12.0.1] AndroidManifest.xml:51:13-69
	android:name
		ADDED from [com.google.firebase:firebase-analytics:12.0.1] AndroidManifest.xml:48:13-87
activity#com.google.firebase.auth.internal.FederatedSignInActivity
ADDED from [com.google.firebase:firebase-auth:12.0.1] AndroidManifest.xml:23:9-29:75
	android:excludeFromRecents
		ADDED from [com.google.firebase:firebase-auth:12.0.1] AndroidManifest.xml:25:13-46
	android:launchMode
		ADDED from [com.google.firebase:firebase-auth:12.0.1] AndroidManifest.xml:27:13-48
	android:exported
		ADDED from [com.google.firebase:firebase-auth:12.0.1] AndroidManifest.xml:26:13-36
	android:permission
		ADDED from [com.google.firebase:firebase-auth:12.0.1] AndroidManifest.xml:28:13-102
	android:theme
		ADDED from [com.google.firebase:firebase-auth:12.0.1] AndroidManifest.xml:29:13-72
	android:name
		ADDED from [com.google.firebase:firebase-auth:12.0.1] AndroidManifest.xml:24:13-85
activity#com.google.android.gms.common.api.GoogleApiActivity
ADDED from [com.google.android.gms:play-services-base:12.0.1] AndroidManifest.xml:23:9-26:75
	android:exported
		ADDED from [com.google.android.gms:play-services-base:12.0.1] AndroidManifest.xml:25:13-37
	android:theme
		ADDED from [com.google.android.gms:play-services-base:12.0.1] AndroidManifest.xml:26:13-72
	android:name
		ADDED from [com.google.android.gms:play-services-base:12.0.1] AndroidManifest.xml:24:13-79
service#com.google.firebase.messaging.FirebaseMessagingService
ADDED from [com.google.firebase:firebase-messaging:12.0.1] AndroidManifest.xml:28:9-34:19
	android:exported
		ADDED from [com.google.firebase:firebase-messaging:12.0.1] AndroidManifest.xml:30:13-36
	android:name
		ADDED from [com.google.firebase:firebase-messaging:12.0.1] AndroidManifest.xml:29:13-82
intent-filter#com.google.firebase.MESSAGING_EVENT
ADDED from [com.google.firebase:firebase-messaging:12.0.1] AndroidManifest.xml:31:13-33:29
	android:priority
		ADDED from [com.google.firebase:firebase-messaging:12.0.1] AndroidManifest.xml:31:28-51
action#com.google.firebase.MESSAGING_EVENT
ADDED from [com.google.firebase:firebase-messaging:12.0.1] AndroidManifest.xml:32:17-78
	android:name
		ADDED from [com.google.firebase:firebase-messaging:12.0.1] AndroidManifest.xml:32:25-75
uses-permission#com.google.android.c2dm.permission.RECEIVE
ADDED from [com.google.firebase:firebase-iid:12.0.1] AndroidManifest.xml:26:5-82
	android:name
		ADDED from [com.google.firebase:firebase-iid:12.0.1] AndroidManifest.xml:26:22-79
permission#${applicationId}.permission.C2D_MESSAGE
ADDED from [com.google.firebase:firebase-iid:12.0.1] AndroidManifest.xml:28:5-30:47
	android:protectionLevel
		ADDED from [com.google.firebase:firebase-iid:12.0.1] AndroidManifest.xml:30:9-44
	android:name
		ADDED from [com.google.firebase:firebase-iid:12.0.1] AndroidManifest.xml:29:9-63
uses-permission#${applicationId}.permission.C2D_MESSAGE
ADDED from [com.google.firebase:firebase-iid:12.0.1] AndroidManifest.xml:32:5-79
	android:name
		ADDED from [com.google.firebase:firebase-iid:12.0.1] AndroidManifest.xml:32:22-76
receiver#com.google.firebase.iid.FirebaseInstanceIdReceiver
ADDED from [com.google.firebase:firebase-iid:12.0.1] AndroidManifest.xml:35:9-44:20
	android:exported
		ADDED from [com.google.firebase:firebase-iid:12.0.1] AndroidManifest.xml:37:13-36
	android:permission
		ADDED from [com.google.firebase:firebase-iid:12.0.1] AndroidManifest.xml:38:13-73
	android:name
		ADDED from [com.google.firebase:firebase-iid:12.0.1] AndroidManifest.xml:36:13-78
intent-filter#${applicationId}+com.google.android.c2dm.intent.RECEIVE
ADDED from [com.google.firebase:firebase-iid:12.0.1] AndroidManifest.xml:39:13-43:29
action#com.google.android.c2dm.intent.RECEIVE
ADDED from [com.google.firebase:firebase-iid:12.0.1] AndroidManifest.xml:40:17-81
	android:name
		ADDED from [com.google.firebase:firebase-iid:12.0.1] AndroidManifest.xml:40:25-78
category#${applicationId}
ADDED from [com.google.firebase:firebase-iid:12.0.1] AndroidManifest.xml:42:17-61
	android:name
		ADDED from [com.google.firebase:firebase-iid:12.0.1] AndroidManifest.xml:42:27-58
service#com.google.firebase.iid.FirebaseInstanceIdService
ADDED from [com.google.firebase:firebase-iid:12.0.1] AndroidManifest.xml:50:9-56:19
	android:exported
		ADDED from [com.google.firebase:firebase-iid:12.0.1] AndroidManifest.xml:52:13-36
	android:name
		ADDED from [com.google.firebase:firebase-iid:12.0.1] AndroidManifest.xml:51:13-77
intent-filter#com.google.firebase.INSTANCE_ID_EVENT
ADDED from [com.google.firebase:firebase-iid:12.0.1] AndroidManifest.xml:53:13-55:29
	android:priority
		ADDED from [com.google.firebase:firebase-iid:12.0.1] AndroidManifest.xml:53:28-51
action#com.google.firebase.INSTANCE_ID_EVENT
ADDED from [com.google.firebase:firebase-iid:12.0.1] AndroidManifest.xml:54:17-80
	android:name
		ADDED from [com.google.firebase:firebase-iid:12.0.1] AndroidManifest.xml:54:25-77
provider#com.google.firebase.provider.FirebaseInitProvider
ADDED from [com.google.firebase:firebase-common:12.0.1] AndroidManifest.xml:8:9-12:39
	android:authorities
		ADDED from [com.google.firebase:firebase-common:12.0.1] AndroidManifest.xml:10:13-72
	android:exported
		ADDED from [com.google.firebase:firebase-common:12.0.1] AndroidManifest.xml:11:13-37
	android:initOrder
		ADDED from [com.google.firebase:firebase-common:12.0.1] AndroidManifest.xml:12:13-36
	android:name
		ADDED from [com.google.firebase:firebase-common:12.0.1] AndroidManifest.xml:9:13-77
meta-data#com.google.android.gms.version
ADDED from [com.google.android.gms:play-services-basement:12.0.1] AndroidManifest.xml:23:9-25:69
	android:value
		ADDED from [com.google.android.gms:play-services-basement:12.0.1] AndroidManifest.xml:25:13-66
	android:name
		ADDED from [com.google.android.gms:play-services-basement:12.0.1] AndroidManifest.xml:24:13-58
meta-data#android.arch.lifecycle.VERSION
ADDED from [android.arch.lifecycle:runtime:1.0.0] AndroidManifest.xml:25:9-27:47
	android:value
		ADDED from [android.arch.lifecycle:runtime:1.0.0] AndroidManifest.xml:27:13-44
	android:name
		ADDED from [android.arch.lifecycle:runtime:1.0.0] AndroidManifest.xml:26:13-58
uses-permission#android.permission.ACCESS_FINE_LOCATION
ADDED from [:nativescript_geolocation:] AndroidManifest.xml:9:5-79
	android:name
		ADDED from [:nativescript_geolocation:] AndroidManifest.xml:9:22-76
service#org.nativescript.plugins.firebase.MyFirebaseMessagingService
ADDED from [:firebase-release:] AndroidManifest.xml:12:9-16:19
	android:name
		ADDED from [:firebase-release:] AndroidManifest.xml:12:18-93
service#org.nativescript.plugins.firebase.MyFirebaseInstanceIDService
ADDED from [:firebase-release:] AndroidManifest.xml:17:9-21:19
	android:name
		ADDED from [:firebase-release:] AndroidManifest.xml:17:18-94
service#com.telerik.pushplugin.PushPlugin
ADDED from [:pushplugin:] AndroidManifest.xml:12:9-16:19
	android:name
		ADDED from [:pushplugin:] AndroidManifest.xml:12:18-66
service#com.telerik.pushplugin.InstanceIdListenerService
ADDED from [:pushplugin:] AndroidManifest.xml:17:9-21:19
	android:name
		ADDED from [:pushplugin:] AndroidManifest.xml:17:18-81